2021-09-29 23:46:49 0 [Note] InnoDB: Mutexes and rw_locks use Windows interlocked functions
2021-09-29 23:46:49 0 [Note] InnoDB: Uses event mutexes
2021-09-29 23:46:49 0 [Note] InnoDB: Compressed tables use zlib 1.2.11
2021-09-29 23:46:49 0 [Note] InnoDB: Number of pools: 1
2021-09-29 23:46:49 0 [Note] InnoDB: Using SSE2 crc32 instructions
2021-09-29 23:46:49 0 [Note] InnoDB: Initializing buffer pool, total size = 16M, instances = 1, chunk size = 16M
2021-09-29 23:46:49 0 [Note] InnoDB: Completed initialization of buffer pool
2021-09-29 23:46:49 0 [Note] InnoDB: Starting crash recovery from checkpoint LSN=300288
2021-09-29 23:46:49 0 [Note] InnoDB: 128 out of 128 rollback segments are active.
2021-09-29 23:46:49 0 [Note] InnoDB: Removed temporary tablespace data file: "ibtmp1"
2021-09-29 23:46:49 0 [Note] InnoDB: Creating shared tablespace for temporary tables
2021-09-29 23:46:49 0 [Note] InnoDB: Setting file 'C:\xampp\mysql\data\ibtmp1' size to 12 MB. Physically writing the file full; Please wait ...
2021-09-29 23:46:49 0 [Note] InnoDB: File 'C:\xampp\mysql\data\ibtmp1' size is now 12 MB.
2021-09-29 23:46:49 0 [Note] InnoDB: Waiting for purge to start
2021-09-29 23:46:49 0 [Note] InnoDB: 10.4.21 started; log sequence number 300297; transaction id 170
2021-09-29 23:46:49 0 [Note] InnoDB: Loading buffer pool(s) from C:\xampp\mysql\data\ib_buffer_pool
2021-09-29 23:46:49 0 [Note] Plugin 'FEEDBACK' is disabled.
2021-09-29 23:46:49 0 [Note] Server socket created on IP: '::'.
2021-09-30  1:41:51 0 [Note] mysqld.exe: Aria engine: starting recovery
recovered pages: 0% 25% 37% 100% (0.0 seconds); tables to flush: 1 0
 (0.0 seconds); 
2021-09-30  1:41:51 0 [Note] mysqld.exe: Aria engine: recovery done
2021-09-30  1:41:51 0 [Note] InnoDB: Mutexes and rw_locks use Windows interlocked functions
2021-09-30  1:41:51 0 [Note] InnoDB: Uses event mutexes
2021-09-30  1:41:51 0 [Note] InnoDB: Compressed tables use zlib 1.2.11
2021-09-30  1:41:51 0 [Note] InnoDB: Number of pools: 1
2021-09-30  1:41:51 0 [Note] InnoDB: Using SSE2 crc32 instructions
2021-09-30  1:41:51 0 [Note] InnoDB: Initializing buffer pool, total size = 16M, instances = 1, chunk size = 16M
2021-09-30  1:41:51 0 [Note] InnoDB: Completed initialization of buffer pool
2021-09-30  1:41:51 0 [Note] InnoDB: Starting crash recovery from checkpoint LSN=2206060
2021-09-30  1:41:52 0 [Note] InnoDB: 128 out of 128 rollback segments are active.
2021-09-30  1:41:52 0 [Note] InnoDB: Removed temporary tablespace data file: "ibtmp1"
2021-09-30  1:41:52 0 [Note] InnoDB: Creating shared tablespace for temporary tables
2021-09-30  1:41:52 0 [Note] InnoDB: Setting file 'C:\xampp\mysql\data\ibtmp1' size to 12 MB. Physically writing the file full; Please wait ...
2021-09-30  1:41:52 0 [Note] InnoDB: File 'C:\xampp\mysql\data\ibtmp1' size is now 12 MB.
2021-09-30  1:41:52 0 [Note] InnoDB: Waiting for purge to start
2021-09-30  1:41:52 0 [Note] InnoDB: 10.4.21 started; log sequence number 2206069; transaction id 1138
2021-09-30  1:41:52 0 [Note] InnoDB: Loading buffer pool(s) from C:\xampp\mysql\data\ib_buffer_pool
2021-09-30  1:41:52 0 [Note] Plugin 'FEEDBACK' is disabled.
2021-09-30  1:41:52 0 [Note] InnoDB: Buffer pool(s) load completed at 210930  1:41:52
2021-09-30  1:41:52 0 [Note] Server socket created on IP: '::'.
2021-09-30  1:47:24 0 [Note] InnoDB: Mutexes and rw_locks use Windows interlocked functions
2021-09-30  1:47:24 0 [Note] InnoDB: Uses event mutexes
2021-09-30  1:47:24 0 [Note] InnoDB: Compressed tables use zlib 1.2.11
2021-09-30  1:47:24 0 [Note] InnoDB: Number of pools: 1
2021-09-30  1:47:24 0 [Note] InnoDB: Using SSE2 crc32 instructions
2021-09-30  1:47:24 0 [Note] InnoDB: Initializing buffer pool, total size = 16M, instances = 1, chunk size = 16M
2021-09-30  1:47:24 0 [Note] InnoDB: Completed initialization of buffer pool
2021-09-30  1:47:24 0 [Note] InnoDB: Starting crash recovery from checkpoint LSN=2206367
2021-09-30  1:47:24 0 [Note] InnoDB: 128 out of 128 rollback segments are active.
2021-09-30  1:47:24 0 [Note] InnoDB: Removed temporary tablespace data file: "ibtmp1"
2021-09-30  1:47:24 0 [Note] InnoDB: Creating shared tablespace for temporary tables
2021-09-30  1:47:24 0 [Note] InnoDB: Setting file 'C:\xampp\mysql\data\ibtmp1' size to 12 MB. Physically writing the file full; Please wait ...
2021-09-30  1:47:24 0 [Note] InnoDB: File 'C:\xampp\mysql\data\ibtmp1' size is now 12 MB.
2021-09-30  1:47:24 0 [Note] InnoDB: Waiting for purge to start
2021-09-30  1:47:24 0 [Note] InnoDB: 10.4.21 started; log sequence number 2206376; transaction id 1138
2021-09-30  1:47:24 0 [Note] InnoDB: Loading buffer pool(s) from C:\xampp\mysql\data\ib_buffer_pool
2021-09-30  1:47:24 0 [Note] Plugin 'FEEDBACK' is disabled.
2021-09-30  1:47:24 0 [Note] Server socket created on IP: '::'.
2021-09-30  2:04:43 0 [Note] InnoDB: Mutexes and rw_locks use Windows interlocked functions
2021-09-30  2:04:43 0 [Note] InnoDB: Uses event mutexes
2021-09-30  2:04:43 0 [Note] InnoDB: Compressed tables use zlib 1.2.11
2021-09-30  2:04:43 0 [Note] InnoDB: Number of pools: 1
2021-09-30  2:04:43 0 [Note] InnoDB: Using SSE2 crc32 instructions
2021-09-30  2:04:43 0 [Note] InnoDB: Initializing buffer pool, total size = 16M, instances = 1, chunk size = 16M
2021-09-30  2:04:43 0 [Note] InnoDB: Completed initialization of buffer pool
2021-09-30  2:04:43 0 [Note] InnoDB: Starting crash recovery from checkpoint LSN=2242335
2021-09-30  2:04:43 0 [Note] InnoDB: 128 out of 128 rollback segments are active.
2021-09-30  2:04:43 0 [Note] InnoDB: Removed temporary tablespace data file: "ibtmp1"
2021-09-30  2:04:43 0 [Note] InnoDB: Creating shared tablespace for temporary tables
2021-09-30  2:04:43 0 [Note] InnoDB: Setting file 'C:\xampp\mysql\data\ibtmp1' size to 12 MB. Physically writing the file full; Please wait ...
2021-09-30  2:04:43 0 [Note] InnoDB: File 'C:\xampp\mysql\data\ibtmp1' size is now 12 MB.
2021-09-30  2:04:43 0 [Note] InnoDB: Waiting for purge to start
2021-09-30  2:04:43 0 [Note] InnoDB: 10.4.21 started; log sequence number 2242344; transaction id 1198
2021-09-30  2:04:43 0 [Note] InnoDB: Loading buffer pool(s) from C:\xampp\mysql\data\ib_buffer_pool
2021-09-30  2:04:43 0 [Note] Plugin 'FEEDBACK' is disabled.
2021-09-30  2:04:43 0 [Note] Server socket created on IP: '::'.
2021-09-30  2:06:13 0 [Note] InnoDB: Mutexes and rw_locks use Windows interlocked functions
2021-09-30  2:06:13 0 [Note] InnoDB: Uses event mutexes
2021-09-30  2:06:13 0 [Note] InnoDB: Compressed tables use zlib 1.2.11
2021-09-30  2:06:13 0 [Note] InnoDB: Number of pools: 1
2021-09-30  2:06:13 0 [Note] InnoDB: Using SSE2 crc32 instructions
2021-09-30  2:06:13 0 [Note] InnoDB: Initializing buffer pool, total size = 16M, instances = 1, chunk size = 16M
2021-09-30  2:06:13 0 [Note] InnoDB: Completed initialization of buffer pool
2021-09-30  2:06:13 0 [Note] InnoDB: Starting crash recovery from checkpoint LSN=2242353
2021-09-30  2:06:13 0 [Note] InnoDB: 128 out of 128 rollback segments are active.
2021-09-30  2:06:13 0 [Note] InnoDB: Removed temporary tablespace data file: "ibtmp1"
2021-09-30  2:06:13 0 [Note] InnoDB: Creating shared tablespace for temporary tables
2021-09-30  2:06:13 0 [Note] InnoDB: Setting file 'C:\xampp\mysql\data\ibtmp1' size to 12 MB. Physically writing the file full; Please wait ...
2021-09-30  2:06:13 0 [Note] InnoDB: File 'C:\xampp\mysql\data\ibtmp1' size is now 12 MB.
2021-09-30  2:06:13 0 [Note] InnoDB: Waiting for purge to start
2021-09-30  2:06:13 0 [Note] InnoDB: 10.4.21 started; log sequence number 2242362; transaction id 1198
2021-09-30  2:06:13 0 [Note] InnoDB: Loading buffer pool(s) from C:\xampp\mysql\data\ib_buffer_pool
2021-09-30  2:06:13 0 [Note] Plugin 'FEEDBACK' is disabled.
2021-09-30  2:06:13 0 [Note] Server socket created on IP: '::'.
2021-09-30  2:22:08 0 [Note] InnoDB: Mutexes and rw_locks use Windows interlocked functions
2021-09-30  2:22:08 0 [Note] InnoDB: Uses event mutexes
2021-09-30  2:22:08 0 [Note] InnoDB: Compressed tables use zlib 1.2.11
2021-09-30  2:22:08 0 [Note] InnoDB: Number of pools: 1
2021-09-30  2:22:08 0 [Note] InnoDB: Using SSE2 crc32 instructions
2021-09-30  2:22:08 0 [Note] InnoDB: Initializing buffer pool, total size = 16M, instances = 1, chunk size = 16M
2021-09-30  2:22:08 0 [Note] InnoDB: Completed initialization of buffer pool
2021-09-30  2:22:08 0 [Note] InnoDB: Starting crash recovery from checkpoint LSN=2277494
2021-09-30  2:22:08 0 [Note] InnoDB: 128 out of 128 rollback segments are active.
2021-09-30  2:22:08 0 [Note] InnoDB: Removed temporary tablespace data file: "ibtmp1"
2021-09-30  2:22:08 0 [Note] InnoDB: Creating shared tablespace for temporary tables
2021-09-30  2:22:08 0 [Note] InnoDB: Setting file 'C:\xampp\mysql\data\ibtmp1' size to 12 MB. Physically writing the file full; Please wait ...
2021-09-30  2:22:08 0 [Note] InnoDB: File 'C:\xampp\mysql\data\ibtmp1' size is now 12 MB.
2021-09-30  2:22:08 0 [Note] InnoDB: Waiting for purge to start
2021-09-30  2:22:08 0 [Note] InnoDB: 10.4.21 started; log sequence number 2277503; transaction id 1258
2021-09-30  2:22:08 0 [Note] InnoDB: Loading buffer pool(s) from C:\xampp\mysql\data\ib_buffer_pool
2021-09-30  2:22:08 0 [Note] Plugin 'FEEDBACK' is disabled.
2021-09-30  2:22:08 0 [Note] Server socket created on IP: '::'.
2021-09-30 16:01:59 0 [Note] InnoDB: Mutexes and rw_locks use Windows interlocked functions
2021-09-30 16:01:59 0 [Note] InnoDB: Uses event mutexes
2021-09-30 16:01:59 0 [Note] InnoDB: Compressed tables use zlib 1.2.11
2021-09-30 16:01:59 0 [Note] InnoDB: Number of pools: 1
2021-09-30 16:01:59 0 [Note] InnoDB: Using SSE2 crc32 instructions
2021-09-30 16:01:59 0 [Note] InnoDB: Initializing buffer pool, total size = 16M, instances = 1, chunk size = 16M
2021-09-30 16:01:59 0 [Note] InnoDB: Completed initialization of buffer pool
2021-09-30 16:01:59 0 [Note] InnoDB: Starting crash recovery from checkpoint LSN=2294588
2021-09-30 16:01:59 0 [Note] InnoDB: 128 out of 128 rollback segments are active.
2021-09-30 16:01:59 0 [Note] InnoDB: Removed temporary tablespace data file: "ibtmp1"
2021-09-30 16:01:59 0 [Note] InnoDB: Creating shared tablespace for temporary tables
2021-09-30 16:01:59 0 [Note] InnoDB: Setting file 'C:\xampp\mysql\data\ibtmp1' size to 12 MB. Physically writing the file full; Please wait ...
2021-09-30 16:01:59 0 [Note] InnoDB: File 'C:\xampp\mysql\data\ibtmp1' size is now 12 MB.
2021-09-30 16:01:59 0 [Note] InnoDB: Waiting for purge to start
2021-09-30 16:01:59 0 [Note] InnoDB: 10.4.21 started; log sequence number 2294597; transaction id 1303
2021-09-30 16:01:59 0 [Note] InnoDB: Loading buffer pool(s) from C:\xampp\mysql\data\ib_buffer_pool
2021-09-30 16:01:59 0 [Note] Plugin 'FEEDBACK' is disabled.
2021-09-30 16:01:59 0 [Note] InnoDB: Buffer pool(s) load completed at 210930 16:01:59
2021-09-30 16:01:59 0 [Note] Server socket created on IP: '::'.
2021-10-01  9:48:40 0 [Note] InnoDB: Mutexes and rw_locks use Windows interlocked functions
2021-10-01  9:48:40 0 [Note] InnoDB: Uses event mutexes
2021-10-01  9:48:40 0 [Note] InnoDB: Compressed tables use zlib 1.2.11
2021-10-01  9:48:40 0 [Note] InnoDB: Number of pools: 1
2021-10-01  9:48:40 0 [Note] InnoDB: Using SSE2 crc32 instructions
2021-10-01  9:48:40 0 [Note] InnoDB: Initializing buffer pool, total size = 16M, instances = 1, chunk size = 16M
2021-10-01  9:48:40 0 [Note] InnoDB: Completed initialization of buffer pool
2021-10-01  9:48:40 0 [Note] InnoDB: Starting crash recovery from checkpoint LSN=4376078
2021-10-01  9:48:41 0 [Note] InnoDB: 128 out of 128 rollback segments are active.
2021-10-01  9:48:41 0 [Note] InnoDB: Removed temporary tablespace data file: "ibtmp1"
2021-10-01  9:48:41 0 [Note] InnoDB: Creating shared tablespace for temporary tables
2021-10-01  9:48:41 0 [Note] InnoDB: Setting file 'C:\xampp\mysql\data\ibtmp1' size to 12 MB. Physically writing the file full; Please wait ...
2021-10-01  9:48:41 0 [Note] InnoDB: File 'C:\xampp\mysql\data\ibtmp1' size is now 12 MB.
2021-10-01  9:48:41 0 [Note] InnoDB: Waiting for purge to start
2021-10-01  9:48:41 0 [Note] InnoDB: 10.4.21 started; log sequence number 4376087; transaction id 2592
2021-10-01  9:48:41 0 [Note] InnoDB: Loading buffer pool(s) from C:\xampp\mysql\data\ib_buffer_pool
2021-10-01  9:48:41 0 [Note] Plugin 'FEEDBACK' is disabled.
2021-10-01  9:48:41 0 [Note] InnoDB: Buffer pool(s) load completed at 211001  9:48:41
2021-10-01  9:48:41 0 [Note] Server socket created on IP: '::'.
2021-10-01 12:13:50 0 [Note] InnoDB: Mutexes and rw_locks use Windows interlocked functions
2021-10-01 12:13:50 0 [Note] InnoDB: Uses event mutexes
2021-10-01 12:13:50 0 [Note] InnoDB: Compressed tables use zlib 1.2.11
2021-10-01 12:13:50 0 [Note] InnoDB: Number of pools: 1
2021-10-01 12:13:50 0 [Note] InnoDB: Using SSE2 crc32 instructions
2021-10-01 12:13:50 0 [Note] InnoDB: Initializing buffer pool, total size = 16M, instances = 1, chunk size = 16M
2021-10-01 12:13:50 0 [Note] InnoDB: Completed initialization of buffer pool
2021-10-01 12:13:50 0 [Note] InnoDB: Starting crash recovery from checkpoint LSN=6680684
2021-10-01 12:13:50 0 [Note] InnoDB: 128 out of 128 rollback segments are active.
2021-10-01 12:13:50 0 [Note] InnoDB: Removed temporary tablespace data file: "ibtmp1"
2021-10-01 12:13:50 0 [Note] InnoDB: Creating shared tablespace for temporary tables
2021-10-01 12:13:50 0 [Note] InnoDB: Setting file 'C:\xampp\mysql\data\ibtmp1' size to 12 MB. Physically writing the file full; Please wait ...
2021-10-01 12:13:50 0 [Note] InnoDB: File 'C:\xampp\mysql\data\ibtmp1' size is now 12 MB.
2021-10-01 12:13:50 0 [Note] InnoDB: Waiting for purge to start
2021-10-01 12:13:50 0 [Note] InnoDB: 10.4.21 started; log sequence number 6680693; transaction id 3657
2021-10-01 12:13:50 0 [Note] InnoDB: Loading buffer pool(s) from C:\xampp\mysql\data\ib_buffer_pool
2021-10-01 12:13:50 0 [Note] Plugin 'FEEDBACK' is disabled.
2021-10-01 12:13:50 0 [Note] Server socket created on IP: '::'.
2021-10-01 12:15:28 0 [Note] InnoDB: Mutexes and rw_locks use Windows interlocked functions
2021-10-01 12:15:28 0 [Note] InnoDB: Uses event mutexes
2021-10-01 12:15:28 0 [Note] InnoDB: Compressed tables use zlib 1.2.11
2021-10-01 12:15:28 0 [Note] InnoDB: Number of pools: 1
2021-10-01 12:15:28 0 [Note] InnoDB: Using SSE2 crc32 instructions
2021-10-01 12:15:28 0 [Note] InnoDB: Initializing buffer pool, total size = 16M, instances = 1, chunk size = 16M
2021-10-01 12:15:28 0 [Note] InnoDB: Completed initialization of buffer pool
2021-10-01 12:15:28 0 [Note] InnoDB: Starting crash recovery from checkpoint LSN=6680702
2021-10-01 12:15:28 0 [Note] InnoDB: 128 out of 128 rollback segments are active.
2021-10-01 12:15:28 0 [Note] InnoDB: Removed temporary tablespace data file: "ibtmp1"
2021-10-01 12:15:28 0 [Note] InnoDB: Creating shared tablespace for temporary tables
2021-10-01 12:15:28 0 [Note] InnoDB: Setting file 'C:\xampp\mysql\data\ibtmp1' size to 12 MB. Physically writing the file full; Please wait ...
2021-10-01 12:15:28 0 [Note] InnoDB: File 'C:\xampp\mysql\data\ibtmp1' size is now 12 MB.
2021-10-01 12:15:28 0 [Note] InnoDB: Waiting for purge to start
2021-10-01 12:15:28 0 [Note] InnoDB: 10.4.21 started; log sequence number 6680711; transaction id 3657
2021-10-01 12:15:28 0 [Note] InnoDB: Loading buffer pool(s) from C:\xampp\mysql\data\ib_buffer_pool
2021-10-01 12:15:28 0 [Note] Plugin 'FEEDBACK' is disabled.
2021-10-01 12:15:28 0 [Note] Server socket created on IP: '::'.
2021-10-01 13:12:06 0 [Note] InnoDB: Mutexes and rw_locks use Windows interlocked functions
2021-10-01 13:12:06 0 [Note] InnoDB: Uses event mutexes
2021-10-01 13:12:06 0 [Note] InnoDB: Compressed tables use zlib 1.2.11
2021-10-01 13:12:06 0 [Note] InnoDB: Number of pools: 1
2021-10-01 13:12:06 0 [Note] InnoDB: Using SSE2 crc32 instructions
2021-10-01 13:12:06 0 [Note] InnoDB: Initializing buffer pool, total size = 16M, instances = 1, chunk size = 16M
2021-10-01 13:12:06 0 [Note] InnoDB: Completed initialization of buffer pool
2021-10-01 13:12:06 0 [Note] InnoDB: Starting crash recovery from checkpoint LSN=6680720
2021-10-01 13:12:06 0 [Note] InnoDB: 128 out of 128 rollback segments are active.
2021-10-01 13:12:06 0 [Note] InnoDB: Removed temporary tablespace data file: "ibtmp1"
2021-10-01 13:12:06 0 [Note] InnoDB: Creating shared tablespace for temporary tables
2021-10-01 13:12:06 0 [Note] InnoDB: Setting file 'C:\xampp\mysql\data\ibtmp1' size to 12 MB. Physically writing the file full; Please wait ...
2021-10-01 13:12:06 0 [Note] InnoDB: File 'C:\xampp\mysql\data\ibtmp1' size is now 12 MB.
2021-10-01 13:12:06 0 [Note] InnoDB: Waiting for purge to start
2021-10-01 13:12:06 0 [Note] InnoDB: 10.4.21 started; log sequence number 6680729; transaction id 3657
2021-10-01 13:12:06 0 [Note] InnoDB: Loading buffer pool(s) from C:\xampp\mysql\data\ib_buffer_pool
2021-10-01 13:12:06 0 [Note] Plugin 'FEEDBACK' is disabled.
2021-10-01 13:12:06 0 [Note] Server socket created on IP: '::'.
2021-10-01 21:24:24 0 [Note] InnoDB: Mutexes and rw_locks use Windows interlocked functions
2021-10-01 21:24:24 0 [Note] InnoDB: Uses event mutexes
2021-10-01 21:24:24 0 [Note] InnoDB: Compressed tables use zlib 1.2.11
2021-10-01 21:24:24 0 [Note] InnoDB: Number of pools: 1
2021-10-01 21:24:24 0 [Note] InnoDB: Using SSE2 crc32 instructions
2021-10-01 21:24:24 0 [Note] InnoDB: Initializing buffer pool, total size = 16M, instances = 1, chunk size = 16M
2021-10-01 21:24:24 0 [Note] InnoDB: Completed initialization of buffer pool
2021-10-01 21:24:24 0 [Note] InnoDB: Starting crash recovery from checkpoint LSN=6743683
2021-10-01 21:24:24 0 [Note] InnoDB: 128 out of 128 rollback segments are active.
2021-10-01 21:24:24 0 [Note] InnoDB: Removed temporary tablespace data file: "ibtmp1"
2021-10-01 21:24:24 0 [Note] InnoDB: Creating shared tablespace for temporary tables
2021-10-01 21:24:24 0 [Note] InnoDB: Setting file 'C:\xampp\mysql\data\ibtmp1' size to 12 MB. Physically writing the file full; Please wait ...
2021-10-01 21:24:24 0 [Note] InnoDB: File 'C:\xampp\mysql\data\ibtmp1' size is now 12 MB.
2021-10-01 21:24:24 0 [Note] InnoDB: Waiting for purge to start
2021-10-01 21:24:24 0 [Note] InnoDB: 10.4.21 started; log sequence number 6743692; transaction id 3741
2021-10-01 21:24:24 0 [Note] InnoDB: Loading buffer pool(s) from C:\xampp\mysql\data\ib_buffer_pool
2021-10-01 21:24:24 0 [Note] Plugin 'FEEDBACK' is disabled.
2021-10-01 21:24:24 0 [Note] InnoDB: Buffer pool(s) load completed at 211001 21:24:24
2021-10-01 21:24:24 0 [Note] Server socket created on IP: '::'.
2021-10-03 16:46:29 0 [Note] InnoDB: Mutexes and rw_locks use Windows interlocked functions
2021-10-03 16:46:29 0 [Note] InnoDB: Uses event mutexes
2021-10-03 16:46:29 0 [Note] InnoDB: Compressed tables use zlib 1.2.11
2021-10-03 16:46:29 0 [Note] InnoDB: Number of pools: 1
2021-10-03 16:46:29 0 [Note] InnoDB: Using SSE2 crc32 instructions
2021-10-03 16:46:29 0 [Note] InnoDB: Initializing buffer pool, total size = 16M, instances = 1, chunk size = 16M
2021-10-03 16:46:29 0 [Note] InnoDB: Completed initialization of buffer pool
2021-10-03 16:46:29 0 [Note] InnoDB: Starting crash recovery from checkpoint LSN=7010978
2021-10-03 16:46:30 0 [Note] InnoDB: 128 out of 128 rollback segments are active.
2021-10-03 16:46:30 0 [Note] InnoDB: Removed temporary tablespace data file: "ibtmp1"
2021-10-03 16:46:30 0 [Note] InnoDB: Creating shared tablespace for temporary tables
2021-10-03 16:46:30 0 [Note] InnoDB: Setting file 'C:\xampp\mysql\data\ibtmp1' size to 12 MB. Physically writing the file full; Please wait ...
2021-10-03 16:46:30 0 [Note] InnoDB: File 'C:\xampp\mysql\data\ibtmp1' size is now 12 MB.
2021-10-03 16:46:30 0 [Note] InnoDB: Waiting for purge to start
2021-10-03 16:46:30 0 [Note] InnoDB: 10.4.21 started; log sequence number 7010987; transaction id 3992
2021-10-03 16:46:30 0 [Note] InnoDB: Loading buffer pool(s) from C:\xampp\mysql\data\ib_buffer_pool
2021-10-03 16:46:30 0 [Note] Plugin 'FEEDBACK' is disabled.
2021-10-03 16:46:30 0 [Note] InnoDB: Buffer pool(s) load completed at 211003 16:46:30
2021-10-03 16:46:30 0 [Note] Server socket created on IP: '::'.
2021-10-04 23:54:19 0 [Note] InnoDB: Mutexes and rw_locks use Windows interlocked functions
2021-10-04 23:54:19 0 [Note] InnoDB: Uses event mutexes
2021-10-04 23:54:19 0 [Note] InnoDB: Compressed tables use zlib 1.2.11
2021-10-04 23:54:19 0 [Note] InnoDB: Number of pools: 1
2021-10-04 23:54:19 0 [Note] InnoDB: Using SSE2 crc32 instructions
2021-10-04 23:54:19 0 [Note] InnoDB: Initializing buffer pool, total size = 16M, instances = 1, chunk size = 16M
2021-10-04 23:54:19 0 [Note] InnoDB: Completed initialization of buffer pool
2021-10-04 23:54:19 0 [Note] InnoDB: Starting crash recovery from checkpoint LSN=7149842
2021-10-04 23:54:20 0 [Note] InnoDB: 128 out of 128 rollback segments are active.
2021-10-04 23:54:20 0 [Note] InnoDB: Removed temporary tablespace data file: "ibtmp1"
2021-10-04 23:54:20 0 [Note] InnoDB: Creating shared tablespace for temporary tables
2021-10-04 23:54:20 0 [Note] InnoDB: Setting file 'C:\xampp\mysql\data\ibtmp1' size to 12 MB. Physically writing the file full; Please wait ...
2021-10-04 23:54:20 0 [Note] InnoDB: File 'C:\xampp\mysql\data\ibtmp1' size is now 12 MB.
2021-10-04 23:54:20 0 [Note] InnoDB: Waiting for purge to start
2021-10-04 23:54:20 0 [Note] InnoDB: 10.4.21 started; log sequence number 7149851; transaction id 4099
2021-10-04 23:54:20 0 [Note] InnoDB: Loading buffer pool(s) from C:\xampp\mysql\data\ib_buffer_pool
2021-10-04 23:54:20 0 [Note] Plugin 'FEEDBACK' is disabled.
2021-10-04 23:54:20 0 [Note] InnoDB: Buffer pool(s) load completed at 211004 23:54:20
2021-10-04 23:54:20 0 [Note] Server socket created on IP: '::'.
